<?xml version="1.0" encoding="UTF-8"?>
<!-- Generated by org.testng.reporters.JUnitXMLReporter -->
<testsuite ignored="8" hostname="LAPTOP-FT0RSCBA" failures="0" tests="14" name="Test" time="24.26" errors="0" timestamp="2023-04-09T21:38:30 IST">
  <testcase classname="testcases.LoginTestCase$LoginTestCases" name="verifyInValidUser" time="0.811"/>
  <testcase classname="testcases.LoginTestCase$LoginTestCases" name="verifyInValidUser" time="0.363"/>
  <testcase classname="testcases.LoginTestCase$LoginTestCases" name="verifyInValidUser" time="0.332"/>
  <testcase classname="testcases.LoginTestCase$LoginTestCases" name="verifyInValidUser" time="5.332"/>
  <testcase classname="testcases.LoginTestCase$LoginTestCases" name="verifyInValidUser" time="0.31"/>
  <testcase classname="testcases.LoginTestCase$LoginTestCases" name="verifyInValidUser" time="0.233"/>
  <testcase classname="testcases.LoginTestCase$LoginTestCases" name="verifyvalidUser" time="0.274"/>
  <testcase classname="testcases.ProductDisplayTest" name="displaySauceProduct" time="0.832"/>
  <testcase classname="testcases.ProductDisplayTest" name="verifyDiscriptionSauceProduct" time="0.789"/>
  <testcase classname="testcases.VerifyHighestLowestPrice" name="verifyHighestPrice" time="0.44"/>
  <testcase classname="testcases.VerifyHighestLowestPrice" name="verifyLowestPrice" time="3.394"/>
  <testcase classname="testcases.VerifyAddCartTestCase" name="VerifyProductAddToCart" time="0.82"/>
  <testcase classname="testcases.VerifyAddCartTestCase" name="verifyProductRemoveFromCart" time="0.761"/>
  <testcase classname="testcases.EndToEndTest" name="verifyEndToEndFlow" time="5.125"/>
  <testcase classname="utility.BaseClass" name="@BeforeTest setup" time="0.0">
    <ignored/>
  </testcase> <!-- @BeforeTest setup -->
  <testcase classname="utility.BaseClass" name="@BeforeTest setup" time="0.0">
    <ignored/>
  </testcase> <!-- @BeforeTest setup -->
  <testcase classname="utility.BaseClass" name="@BeforeTest setup" time="0.0">
    <ignored/>
  </testcase> <!-- @BeforeTest setup -->
  <testcase classname="utility.BaseClass" name="@BeforeTest setup" time="0.0">
    <ignored/>
  </testcase> <!-- @BeforeTest setup -->
  <testcase classname="utility.BaseClass" name="@AfterTest tearDown" time="0.0">
    <ignored/>
  </testcase> <!-- @AfterTest tearDown -->
  <testcase classname="utility.BaseClass" name="@AfterTest tearDown" time="0.0">
    <ignored/>
  </testcase> <!-- @AfterTest tearDown -->
  <testcase classname="utility.BaseClass" name="@AfterTest tearDown" time="0.0">
    <ignored/>
  </testcase> <!-- @AfterTest tearDown -->
  <testcase classname="utility.BaseClass" name="@AfterTest tearDown" time="0.0">
    <ignored/>
  </testcase> <!-- @AfterTest tearDown -->
</testsuite> <!-- Test -->
